C:\USERS\ADMINISTRATOR\DOCUMENTS\GITHUB\PSMS\源码\PSMS\DEBUG\PSMS.EXE
C:\USERS\ADMINISTRATOR\DOCUMENTS\GITHUB\PSMS\源码\PSMS\DEBUG\PSMS.ILK
C:\USERS\ADMINISTRATOR\DOCUMENTS\GITHUB\PSMS\源码\PSMS\DEBUG\PSMS.PDB
C:\USERS\ADMINISTRATOR\DOCUMENTS\GITHUB\PSMS\源码\PSMS\PSMS\DEBUG\CHILDVIEW.OBJ
C:\Users\Administrator\Documents\GitHub\PSMS\源码\PSMS\PSMS\Debug\cl.command.1.tlog
C:\Users\Administrator\Documents\GitHub\PSMS\源码\PSMS\PSMS\Debug\CL.read.1.tlog
C:\Users\Administrator\Documents\GitHub\PSMS\源码\PSMS\PSMS\Debug\CL.write.1.tlog
C:\Users\Administrator\Documents\GitHub\PSMS\源码\PSMS\PSMS\Debug\link.5292.read.1.tlog
C:\Users\Administrator\Documents\GitHub\PSMS\源码\PSMS\PSMS\Debug\link.5292.write.1.tlog
C:\Users\Administrator\Documents\GitHub\PSMS\源码\PSMS\PSMS\Debug\link.5292-cvtres.read.1.tlog
C:\Users\Administrator\Documents\GitHub\PSMS\源码\PSMS\PSMS\Debug\link.5292-cvtres.write.1.tlog
C:\Users\Administrator\Documents\GitHub\PSMS\源码\PSMS\PSMS\Debug\link.command.1.tlog
C:\Users\Administrator\Documents\GitHub\PSMS\源码\PSMS\PSMS\Debug\link.read.1.tlog
C:\Users\Administrator\Documents\GitHub\PSMS\源码\PSMS\PSMS\Debug\link.write.1.tlog
C:\Users\Administrator\Documents\GitHub\PSMS\源码\PSMS\PSMS\Debug\link-cvtres.read.1.tlog
C:\Users\Administrator\Documents\GitHub\PSMS\源码\PSMS\PSMS\Debug\link-cvtres.write.1.tlog
C:\USERS\ADMINISTRATOR\DOCUMENTS\GITHUB\PSMS\源码\PSMS\PSMS\DEBUG\MAINFRM.OBJ
C:\Users\Administrator\Documents\GitHub\PSMS\源码\PSMS\PSMS\Debug\mt.command.1.tlog
C:\Users\Administrator\Documents\GitHub\PSMS\源码\PSMS\PSMS\Debug\mt.read.1.tlog
C:\Users\Administrator\Documents\GitHub\PSMS\源码\PSMS\PSMS\Debug\mt.write.1.tlog
C:\USERS\ADMINISTRATOR\DOCUMENTS\GITHUB\PSMS\源码\PSMS\PSMS\DEBUG\PSMS.EXE.EMBED.MANIFEST
C:\USERS\ADMINISTRATOR\DOCUMENTS\GITHUB\PSMS\源码\PSMS\PSMS\DEBUG\PSMS.EXE.EMBED.MANIFEST.RES
C:\USERS\ADMINISTRATOR\DOCUMENTS\GITHUB\PSMS\源码\PSMS\PSMS\DEBUG\PSMS.EXE.INTERMEDIATE.MANIFEST
C:\USERS\ADMINISTRATOR\DOCUMENTS\GITHUB\PSMS\源码\PSMS\PSMS\DEBUG\PSMS.OBJ
C:\USERS\ADMINISTRATOR\DOCUMENTS\GITHUB\PSMS\源码\PSMS\PSMS\DEBUG\PSMS.PCH
C:\USERS\ADMINISTRATOR\DOCUMENTS\GITHUB\PSMS\源码\PSMS\PSMS\DEBUG\PSMS.RES
C:\Users\Administrator\Documents\GitHub\PSMS\源码\PSMS\PSMS\Debug\PSMS_manifest.rc
C:\Users\Administrator\Documents\GitHub\PSMS\源码\PSMS\PSMS\Debug\rc.command.1.tlog
C:\Users\Administrator\Documents\GitHub\PSMS\源码\PSMS\PSMS\Debug\rc.read.1.tlog
C:\Users\Administrator\Documents\GitHub\PSMS\源码\PSMS\PSMS\Debug\rc.write.1.tlog
C:\USERS\ADMINISTRATOR\DOCUMENTS\GITHUB\PSMS\源码\PSMS\PSMS\DEBUG\STDAFX.OBJ
C:\Users\Administrator\Documents\GitHub\PSMS\源码\PSMS\PSMS\Debug\vc100.idb
C:\USERS\ADMINISTRATOR\DOCUMENTS\GITHUB\PSMS\源码\PSMS\PSMS\DEBUG\VC100.PDB
